{"/tmp/audit-workspace/Hermes-Sms-fordwarder/src/application/ConfigurarTelegram.ts": {"path":"/tmp/audit-workspace/Hermes-Sms-fordwarder/src/application/ConfigurarTelegram.ts","statementMap":{"0":{"start":{"line":12,"column":4},"end":{"line":12,"column":49}},"1":{"start":{"line":16,"column":4},"end":{"line":16,"column":44}},"2":{"start":{"line":20,"column":4},"end":{"line":20,"column":49}},"3":{"start":{"line":24,"column":4},"end":{"line":24,"column":46}},"4":{"start":{"line":28,"column":19},"end":{"line":30,"column":46}},"5":{"start":{"line":32,"column":4},"end":{"line":34,"column":5}},"6":{"start":{"line":33,"column":6},"end":{"line":33,"column":67}},"7":{"start":{"line":36,"column":4},"end":{"line":40,"column":6}}},"fnMap":{"0":{"name":"(anonymous_0)","decl":{"start":{"line":6,"column":2},"end":{"line":6,"column":3}},"loc":{"start":{"line":9,"column":4},"end":{"line":9,"column":6}},"line":9},"1":{"name":"(anonymous_1)","decl":{"start":{"line":11,"column":2},"end":{"line":11,"column":3}},"loc":{"start":{"line":11,"column":75},"end":{"line":13,"column":3}},"line":11},"2":{"name":"(anonymous_2)","decl":{"start":{"line":15,"column":2},"end":{"line":15,"column":3}},"loc":{"start":{"line":15,"column":70},"end":{"line":17,"column":3}},"line":15},"3":{"name":"(anonymous_3)","decl":{"start":{"line":19,"column":2},"end":{"line":19,"column":3}},"loc":{"start":{"line":19,"column":57},"end":{"line":21,"column":3}},"line":19},"4":{"name":"(anonymous_4)","decl":{"start":{"line":23,"column":2},"end":{"line":23,"column":3}},"loc":{"start":{"line":23,"column":57},"end":{"line":25,"column":3}},"line":23},"5":{"name":"(anonymous_5)","decl":{"start":{"line":27,"column":2},"end":{"line":27,"column":3}},"loc":{"start":{"line":27,"column":64},"end":{"line":41,"column":3}},"line":27}},"branchMap":{"0":{"loc":{"start":{"line":28,"column":19},"end":{"line":30,"column":46}},"type":"cond-expr","locations":[{"start":{"line":29,"column":8},"end":{"line":29,"column":59}},{"start":{"line":30,"column":8},"end":{"line":30,"column":46}}],"line":28},"1":{"loc":{"start":{"line":32,"column":4},"end":{"line":34,"column":5}},"type":"if","locations":[{"start":{"line":32,"column":4},"end":{"line":34,"column":5}},{"start":{},"end":{}}],"line":32}},"s":{"0":1,"1":2,"2":1,"3":1,"4":4,"5":4,"6":1,"7":3},"f":{"0":9,"1":1,"2":2,"3":1,"4":1,"5":4},"b":{"0":[1,3],"1":[1,3]},"_coverageSchema":"1a1c01bbd47fc00a2c39e90264f33305004495a9","hash":"c4b863e58234b76c83757390febaf864bc7ccab6"}
,"/tmp/audit-workspace/Hermes-Sms-fordwarder/src/application/ControlarServicioSms.ts": {"path":"/tmp/audit-workspace/Hermes-Sms-fordwarder/src/application/ControlarServicioSms.ts","statementMap":{"0":{"start":{"line":11,"column":4},"end":{"line":15,"column":7}},"1":{"start":{"line":12,"column":6},"end":{"line":14,"column":9}},"2":{"start":{"line":19,"column":4},"end":{"line":19,"column":38}},"3":{"start":{"line":23,"column":4},"end":{"line":23,"column":45}}},"fnMap":{"0":{"name":"(anonymous_0)","decl":{"start":{"line":5,"column":2},"end":{"line":5,"column":3}},"loc":{"start":{"line":8,"column":4},"end":{"line":8,"column":6}},"line":8},"1":{"name":"(anonymous_1)","decl":{"start":{"line":10,"column":2},"end":{"line":10,"column":3}},"loc":{"start":{"line":10,"column":18},"end":{"line":16,"column":3}},"line":10},"2":{"name":"(anonymous_2)","decl":{"start":{"line":11,"column":36},"end":{"line":11,"column":37}},"loc":{"start":{"line":11,"column":59},"end":{"line":15,"column":5}},"line":11},"3":{"name":"(anonymous_3)","decl":{"start":{"line":12,"column":65},"end":{"line":12,"column":66}},"loc":{"start":{"line":12,"column":71},"end":{"line":14,"column":7}},"line":12},"4":{"name":"(anonymous_4)","decl":{"start":{"line":18,"column":2},"end":{"line":18,"column":3}},"loc":{"start":{"line":18,"column":18},"end":{"line":20,"column":3}},"line":18},"5":{"name":"(anonymous_5)","decl":{"start":{"line":22,"column":2},"end":{"line":22,"column":3}},"loc":{"start":{"line":22,"column":24},"end":{"line":24,"column":3}},"line":22}},"branchMap":{},"s":{"0":2,"1":1,"2":1,"3":2},"f":{"0":5,"1":2,"2":1,"3":0,"4":1,"5":2},"b":{},"_coverageSchema":"1a1c01bbd47fc00a2c39e90264f33305004495a9","hash":"5c83dcbb1241b0793000cd1ab8def8ef379e2a2d"}
,"/tmp/audit-workspace/Hermes-Sms-fordwarder/src/application/EvaluarYReenviarSms.ts": {"path":"/tmp/audit-workspace/Hermes-Sms-fordwarder/src/application/EvaluarYReenviarSms.ts","statementMap":{"0":{"start":{"line":17,"column":33},"end":{"line":17,"column":58}},"1":{"start":{"line":18,"column":33},"end":{"line":18,"column":39}},"2":{"start":{"line":34,"column":18},"end":{"line":34,"column":42}},"3":{"start":{"line":35,"column":18},"end":{"line":35,"column":28}},"4":{"start":{"line":36,"column":28},"end":{"line":36,"column":55}},"5":{"start":{"line":37,"column":4},"end":{"line":39,"column":5}},"6":{"start":{"line":38,"column":6},"end":{"line":38,"column":13}},"7":{"start":{"line":40,"column":4},"end":{"line":40,"column":39}},"8":{"start":{"line":42,"column":4},"end":{"line":44,"column":5}},"9":{"start":{"line":43,"column":6},"end":{"line":43,"column":68}},"10":{"start":{"line":43,"column":41},"end":{"line":43,"column":68}},"11":{"start":{"line":45,"column":19},"end":{"line":45,"column":62}},"12":{"start":{"line":46,"column":29},"end":{"line":50,"column":5}},"13":{"start":{"line":52,"column":4},"end":{"line":55,"column":5}},"14":{"start":{"line":53,"column":6},"end":{"line":53,"column":77}},"15":{"start":{"line":54,"column":6},"end":{"line":54,"column":13}},"16":{"start":{"line":57,"column":4},"end":{"line":57,"column":86}},"17":{"start":{"line":65,"column":19},"end":{"line":67,"column":46}},"18":{"start":{"line":69,"column":4},"end":{"line":77,"column":5}},"19":{"start":{"line":70,"column":6},"end":{"line":75,"column":8}},"20":{"start":{"line":76,"column":6},"end":{"line":76,"column":13}},"21":{"start":{"line":79,"column":4},"end":{"line":110,"column":5}},"22":{"start":{"line":80,"column":22},"end":{"line":80,"column":61}},"23":{"start":{"line":81,"column":22},"end":{"line":83,"column":12}},"24":{"start":{"line":84,"column":28},"end":{"line":84,"column":74}},"25":{"start":{"line":85,"column":6},"end":{"line":89,"column":8}},"26":{"start":{"line":90,"column":6},"end":{"line":90,"column":67}},"27":{"start":{"line":91,"column":6},"end":{"line":91,"column":55}},"28":{"start":{"line":92,"column":6},"end":{"line":92,"column":78}},"29":{"start":{"line":94,"column":22},"end":{"line":94,"column":61}},"30":{"start":{"line":95,"column":24},"end":{"line":95,"column":63}},"31":{"start":{"line":97,"column":6},"end":{"line":100,"column":7}},"32":{"start":{"line":98,"column":8},"end":{"line":98,"column":59}},"33":{"start":{"line":99,"column":8},"end":{"line":99,"column":15}},"34":{"start":{"line":103,"column":8},"end":{"line":103,"column":68}},"35":{"start":{"line":104,"column":6},"end":{"line":109,"column":8}},"36":{"start":{"line":117,"column":40},"end":{"line":123,"column":5}},"37":{"start":{"line":124,"column":4},"end":{"line":124,"column":56}},"38":{"start":{"line":125,"column":4},"end":{"line":130,"column":6}},"39":{"start":{"line":139,"column":32},"end":{"line":146,"column":5}},"40":{"start":{"line":147,"column":4},"end":{"line":147,"column":52}},"41":{"start":{"line":151,"column":4},"end":{"line":151,"column":77}},"42":{"start":{"line":159,"column":4},"end":{"line":159,"column":62}},"43":{"start":{"line":159,"column":55},"end":{"line":159,"column":62}},"44":{"start":{"line":161,"column":4},"end":{"line":169,"column":5}},"45":{"start":{"line":162,"column":6},"end":{"line":166,"column":9}},"46":{"start":{"line":176,"column":4},"end":{"line":176,"column":44}},"47":{"start":{"line":176,"column":37},"end":{"line":176,"column":44}},"48":{"start":{"line":178,"column":4},"end":{"line":185,"column":5}},"49":{"start":{"line":179,"column":6},"end":{"line":182,"column":8}}},"fnMap":{"0":{"name":"(anonymous_0)","decl":{"start":{"line":20,"column":2},"end":{"line":20,"column":3}},"loc":{"start":{"line":31,"column":4},"end":{"line":31,"column":7}},"line":31},"1":{"name":"(anonymous_1)","decl":{"start":{"line":33,"column":2},"end":{"line":33,"column":3}},"loc":{"start":{"line":33,"column":67},"end":{"line":58,"column":3}},"line":33},"2":{"name":"(anonymous_2)","decl":{"start":{"line":60,"column":2},"end":{"line":60,"column":3}},"loc":{"start":{"line":64,"column":19},"end":{"line":111,"column":3}},"line":64},"3":{"name":"(anonymous_3)","decl":{"start":{"line":113,"column":2},"end":{"line":113,"column":3}},"loc":{"start":{"line":116,"column":19},"end":{"line":131,"column":3}},"line":116},"4":{"name":"(anonymous_4)","decl":{"start":{"line":133,"column":2},"end":{"line":133,"column":3}},"loc":{"start":{"line":138,"column":19},"end":{"line":148,"column":3}},"line":138},"5":{"name":"(anonymous_5)","decl":{"start":{"line":150,"column":2},"end":{"line":150,"column":3}},"loc":{"start":{"line":150,"column":30},"end":{"line":152,"column":3}},"line":150},"6":{"name":"(anonymous_6)","decl":{"start":{"line":154,"column":2},"end":{"line":154,"column":3}},"loc":{"start":{"line":158,"column":19},"end":{"line":170,"column":3}},"line":158},"7":{"name":"(anonymous_7)","decl":{"start":{"line":172,"column":2},"end":{"line":172,"column":3}},"loc":{"start":{"line":175,"column":19},"end":{"line":186,"column":3}},"line":175}},"branchMap":{"0":{"loc":{"start":{"line":37,"column":4},"end":{"line":39,"column":5}},"type":"if","locations":[{"start":{"line":37,"column":4},"end":{"line":39,"column":5}},{"start":{},"end":{}}],"line":37},"1":{"loc":{"start":{"line":37,"column":8},"end":{"line":37,"column":83}},"type":"binary-expr","locations":[{"start":{"line":37,"column":8},"end":{"line":37,"column":37}},{"start":{"line":37,"column":41},"end":{"line":37,"column":83}}],"line":37},"2":{"loc":{"start":{"line":43,"column":6},"end":{"line":43,"column":68}},"type":"if","locations":[{"start":{"line":43,"column":6},"end":{"line":43,"column":68}},{"start":{},"end":{}}],"line":43},"3":{"loc":{"start":{"line":52,"column":4},"end":{"line":55,"column":5}},"type":"if","locations":[{"start":{"line":52,"column":4},"end":{"line":55,"column":5}},{"start":{},"end":{}}],"line":52},"4":{"loc":{"start":{"line":65,"column":19},"end":{"line":67,"column":46}},"type":"cond-expr","locations":[{"start":{"line":66,"column":8},"end":{"line":66,"column":67}},{"start":{"line":67,"column":8},"end":{"line":67,"column":46}}],"line":65},"5":{"loc":{"start":{"line":69,"column":4},"end":{"line":77,"column":5}},"type":"if","locations":[{"start":{"line":69,"column":4},"end":{"line":77,"column":5}},{"start":{},"end":{}}],"line":69},"6":{"loc":{"start":{"line":81,"column":22},"end":{"line":83,"column":12}},"type":"cond-expr","locations":[{"start":{"line":82,"column":10},"end":{"line":82,"column":39}},{"start":{"line":83,"column":10},"end":{"line":83,"column":12}}],"line":81},"7":{"loc":{"start":{"line":97,"column":6},"end":{"line":100,"column":7}},"type":"if","locations":[{"start":{"line":97,"column":6},"end":{"line":100,"column":7}},{"start":{},"end":{}}],"line":97},"8":{"loc":{"start":{"line":97,"column":10},"end":{"line":97,"column":51}},"type":"binary-expr","locations":[{"start":{"line":97,"column":10},"end":{"line":97,"column":20}},{"start":{"line":97,"column":24},"end":{"line":97,"column":51}}],"line":97},"9":{"loc":{"start":{"line":103,"column":8},"end":{"line":103,"column":68}},"type":"cond-expr","locations":[{"start":{"line":103,"column":33},"end":{"line":103,"column":46}},{"start":{"line":103,"column":49},"end":{"line":103,"column":68}}],"line":103},"10":{"loc":{"start":{"line":159,"column":4},"end":{"line":159,"column":62}},"type":"if","locations":[{"start":{"line":159,"column":4},"end":{"line":159,"column":62}},{"start":{},"end":{}}],"line":159},"11":{"loc":{"start":{"line":159,"column":8},"end":{"line":159,"column":53}},"type":"binary-expr","locations":[{"start":{"line":159,"column":8},"end":{"line":159,"column":30}},{"start":{"line":159,"column":34},"end":{"line":159,"column":53}}],"line":159},"12":{"loc":{"start":{"line":176,"column":4},"end":{"line":176,"column":44}},"type":"if","locations":[{"start":{"line":176,"column":4},"end":{"line":176,"column":44}},{"start":{},"end":{}}],"line":176}},"s":{"0":7,"1":7,"2":7,"3":7,"4":7,"5":7,"6":0,"7":7,"8":7,"9":7,"10":0,"11":7,"12":7,"13":7,"14":2,"15":2,"16":5,"17":5,"18":5,"19":1,"20":1,"21":4,"22":4,"23":4,"24":4,"25":4,"26":2,"27":2,"28":2,"29":2,"30":2,"31":2,"32":0,"33":0,"34":2,"35":2,"36":0,"37":0,"38":0,"39":7,"40":7,"41":7,"42":2,"43":2,"44":0,"45":0,"46":2,"47":0,"48":2,"49":2},"f":{"0":7,"1":7,"2":5,"3":0,"4":7,"5":7,"6":2,"7":2},"b":{"0":[0,7],"1":[7,0],"2":[0,7],"3":[2,5],"4":[0,5],"5":[1,4],"6":[0,4],"7":[0,2],"8":[2,0],"9":[1,1],"10":[2,0],"11":[2,0],"12":[0,2]},"_coverageSchema":"1a1c01bbd47fc00a2c39e90264f33305004495a9","hash":"7403067a30397b8c1794e6cb8c9318a0d43dbaa4"}
,"/tmp/audit-workspace/Hermes-Sms-fordwarder/src/application/GestionarAjustes.ts": {"path":"/tmp/audit-workspace/Hermes-Sms-fordwarder/src/application/GestionarAjustes.ts","statementMap":{"0":{"start":{"line":10,"column":4},"end":{"line":10,"column":45}},"1":{"start":{"line":14,"column":4},"end":{"line":14,"column":51}}},"fnMap":{"0":{"name":"(anonymous_0)","decl":{"start":{"line":5,"column":2},"end":{"line":5,"column":3}},"loc":{"start":{"line":7,"column":4},"end":{"line":7,"column":6}},"line":7},"1":{"name":"(anonymous_1)","decl":{"start":{"line":9,"column":2},"end":{"line":9,"column":3}},"loc":{"start":{"line":9,"column":43},"end":{"line":11,"column":3}},"line":9},"2":{"name":"(anonymous_2)","decl":{"start":{"line":13,"column":2},"end":{"line":13,"column":3}},"loc":{"start":{"line":13,"column":56},"end":{"line":15,"column":3}},"line":13}},"branchMap":{},"s":{"0":0,"1":0},"f":{"0":0,"1":0,"2":0},"b":{}}
,"/tmp/audit-workspace/Hermes-Sms-fordwarder/src/application/GestionarAutoRespuestas.ts": {"path":"/tmp/audit-workspace/Hermes-Sms-fordwarder/src/application/GestionarAutoRespuestas.ts","statementMap":{"0":{"start":{"line":9,"column":2},"end":{"line":9,"column":74}},"1":{"start":{"line":18,"column":40},"end":{"line":18,"column":69}},"2":{"start":{"line":19,"column":4},"end":{"line":19,"column":42}},"3":{"start":{"line":23,"column":22},"end":{"line":23,"column":67}},"4":{"start":{"line":24,"column":4},"end":{"line":24,"column":80}},"5":{"start":{"line":24,"column":20},"end":{"line":24,"column":80}},"6":{"start":{"line":25,"column":4},"end":{"line":25,"column":42}},"7":{"start":{"line":29,"column":4},"end":{"line":29,"column":40}},"8":{"start":{"line":33,"column":4},"end":{"line":33,"column":43}},"9":{"start":{"line":37,"column":18},"end":{"line":37,"column":57}},"10":{"start":{"line":38,"column":4},"end":{"line":38,"column":70}},"11":{"start":{"line":38,"column":16},"end":{"line":38,"column":70}},"12":{"start":{"line":39,"column":4},"end":{"line":39,"column":72}},"13":{"start":{"line":43,"column":4},"end":{"line":52,"column":6}}},"fnMap":{"0":{"name":"generarId","decl":{"start":{"line":8,"column":9},"end":{"line":8,"column":18}},"loc":{"start":{"line":8,"column":29},"end":{"line":10,"column":1}},"line":8},"1":{"name":"(anonymous_1)","decl":{"start":{"line":13,"column":2},"end":{"line":13,"column":3}},"loc":{"start":{"line":15,"column":4},"end":{"line":15,"column":6}},"line":15},"2":{"name":"(anonymous_2)","decl":{"start":{"line":17,"column":2},"end":{"line":17,"column":3}},"loc":{"start":{"line":17,"column":75},"end":{"line":20,"column":3}},"line":17},"3":{"name":"(anonymous_3)","decl":{"start":{"line":22,"column":2},"end":{"line":22,"column":3}},"loc":{"start":{"line":22,"column":64},"end":{"line":26,"column":3}},"line":22},"4":{"name":"(anonymous_4)","decl":{"start":{"line":28,"column":2},"end":{"line":28,"column":3}},"loc":{"start":{"line":28,"column":49},"end":{"line":30,"column":3}},"line":28},"5":{"name":"(anonymous_5)","decl":{"start":{"line":32,"column":2},"end":{"line":32,"column":3}},"loc":{"start":{"line":32,"column":57},"end":{"line":34,"column":3}},"line":32},"6":{"name":"(anonymous_6)","decl":{"start":{"line":36,"column":2},"end":{"line":36,"column":3}},"loc":{"start":{"line":36,"column":50},"end":{"line":40,"column":3}},"line":36},"7":{"name":"(anonymous_7)","decl":{"start":{"line":42,"column":2},"end":{"line":42,"column":3}},"loc":{"start":{"line":42,"column":56},"end":{"line":53,"column":3}},"line":42}},"branchMap":{"0":{"loc":{"start":{"line":24,"column":4},"end":{"line":24,"column":80}},"type":"if","locations":[{"start":{"line":24,"column":4},"end":{"line":24,"column":80}},{"start":{},"end":{}}],"line":24},"1":{"loc":{"start":{"line":38,"column":4},"end":{"line":38,"column":70}},"type":"if","locations":[{"start":{"line":38,"column":4},"end":{"line":38,"column":70}},{"start":{},"end":{}}],"line":38}},"s":{"0":0,"1":0,"2":0,"3":0,"4":0,"5":0,"6":0,"7":0,"8":0,"9":0,"10":0,"11":0,"12":0,"13":0},"f":{"0":0,"1":0,"2":0,"3":0,"4":0,"5":0,"6":0,"7":0},"b":{"0":[0,0],"1":[0,0]}}
,"/tmp/audit-workspace/Hermes-Sms-fordwarder/src/application/GestionarReglas.ts": {"path":"/tmp/audit-workspace/Hermes-Sms-fordwarder/src/application/GestionarReglas.ts","statementMap":{"0":{"start":{"line":12,"column":34},"end":{"line":12,"column":68}},"1":{"start":{"line":13,"column":4},"end":{"line":13,"column":48}},"2":{"start":{"line":14,"column":4},"end":{"line":14,"column":17}},"3":{"start":{"line":18,"column":4},"end":{"line":18,"column":48}},"4":{"start":{"line":22,"column":4},"end":{"line":22,"column":46}},"5":{"start":{"line":26,"column":4},"end":{"line":26,"column":49}},"6":{"start":{"line":30,"column":18},"end":{"line":30,"column":63}},"7":{"start":{"line":32,"column":4},"end":{"line":34,"column":5}},"8":{"start":{"line":33,"column":6},"end":{"line":33,"column":58}},"9":{"start":{"line":36,"column":45},"end":{"line":39,"column":5}},"10":{"start":{"line":40,"column":4},"end":{"line":40,"column":59}},"11":{"start":{"line":41,"column":4},"end":{"line":41,"column":28}},"12":{"start":{"line":45,"column":4},"end":{"line":45,"column":77}}},"fnMap":{"0":{"name":"(anonymous_0)","decl":{"start":{"line":5,"column":2},"end":{"line":5,"column":3}},"loc":{"start":{"line":7,"column":4},"end":{"line":7,"column":6}},"line":7},"1":{"name":"(anonymous_1)","decl":{"start":{"line":9,"column":2},"end":{"line":9,"column":3}},"loc":{"start":{"line":11,"column":29},"end":{"line":15,"column":3}},"line":11},"2":{"name":"(anonymous_2)","decl":{"start":{"line":17,"column":2},"end":{"line":17,"column":3}},"loc":{"start":{"line":17,"column":58},"end":{"line":19,"column":3}},"line":17},"3":{"name":"(anonymous_3)","decl":{"start":{"line":21,"column":2},"end":{"line":21,"column":3}},"loc":{"start":{"line":21,"column":49},"end":{"line":23,"column":3}},"line":21},"4":{"name":"(anonymous_4)","decl":{"start":{"line":25,"column":2},"end":{"line":25,"column":3}},"loc":{"start":{"line":25,"column":51},"end":{"line":27,"column":3}},"line":25},"5":{"name":"(anonymous_5)","decl":{"start":{"line":29,"column":2},"end":{"line":29,"column":3}},"loc":{"start":{"line":29,"column":60},"end":{"line":42,"column":3}},"line":29},"6":{"name":"(anonymous_6)","decl":{"start":{"line":44,"column":2},"end":{"line":44,"column":3}},"loc":{"start":{"line":44,"column":30},"end":{"line":46,"column":3}},"line":44}},"branchMap":{"0":{"loc":{"start":{"line":32,"column":4},"end":{"line":34,"column":5}},"type":"if","locations":[{"start":{"line":32,"column":4},"end":{"line":34,"column":5}},{"start":{},"end":{}}],"line":32}},"s":{"0":1,"1":1,"2":1,"3":1,"4":1,"5":1,"6":3,"7":3,"8":1,"9":2,"10":2,"11":2,"12":1},"f":{"0":7,"1":1,"2":1,"3":1,"4":1,"5":3,"6":1},"b":{"0":[1,2]},"_coverageSchema":"1a1c01bbd47fc00a2c39e90264f33305004495a9","hash":"b3b9954874dc0aa30c26f1d29c1a5e352d891394"}
,"/tmp/audit-workspace/Hermes-Sms-fordwarder/src/application/ObtenerRegistroDeMensajes.ts": {"path":"/tmp/audit-workspace/Hermes-Sms-fordwarder/src/application/ObtenerRegistroDeMensajes.ts","statementMap":{"0":{"start":{"line":4,"column":24},"end":{"line":4,"column":26}},"1":{"start":{"line":12,"column":21},"end":{"line":12,"column":66}},"2":{"start":{"line":13,"column":4},"end":{"line":13,"column":49}},"3":{"start":{"line":17,"column":4},"end":{"line":19,"column":33}},"4":{"start":{"line":18,"column":22},"end":{"line":18,"column":67}}},"fnMap":{"0":{"name":"(anonymous_0)","decl":{"start":{"line":7,"column":2},"end":{"line":7,"column":3}},"loc":{"start":{"line":9,"column":4},"end":{"line":9,"column":6}},"line":9},"1":{"name":"(anonymous_1)","decl":{"start":{"line":11,"column":2},"end":{"line":11,"column":3}},"loc":{"start":{"line":11,"column":42},"end":{"line":14,"column":3}},"line":11},"2":{"name":"(anonymous_2)","decl":{"start":{"line":16,"column":2},"end":{"line":16,"column":3}},"loc":{"start":{"line":16,"column":71},"end":{"line":20,"column":3}},"line":16},"3":{"name":"(anonymous_3)","decl":{"start":{"line":18,"column":12},"end":{"line":18,"column":13}},"loc":{"start":{"line":18,"column":22},"end":{"line":18,"column":67}},"line":18}},"branchMap":{},"s":{"0":1,"1":3,"2":3,"3":3,"4":63},"f":{"0":3,"1":3,"2":3,"3":63},"b":{},"_coverageSchema":"1a1c01bbd47fc00a2c39e90264f33305004495a9","hash":"768715aa671f5ce8b6c8bc2eefc60e4256fa66ca"}
,"/tmp/audit-workspace/Hermes-Sms-fordwarder/src/application/ProcesarColaPendientes.ts": {"path":"/tmp/audit-workspace/Hermes-Sms-fordwarder/src/application/ProcesarColaPendientes.ts","statementMap":{"0":{"start":{"line":8,"column":24},"end":{"line":8,"column":25}},"1":{"start":{"line":20,"column":19},"end":{"line":20,"column":57}},"2":{"start":{"line":21,"column":4},"end":{"line":21,"column":24}},"3":{"start":{"line":21,"column":17},"end":{"line":21,"column":24}},"4":{"start":{"line":23,"column":23},"end":{"line":23,"column":70}},"5":{"start":{"line":24,"column":4},"end":{"line":24,"column":40}},"6":{"start":{"line":24,"column":33},"end":{"line":24,"column":40}},"7":{"start":{"line":26,"column":20},"end":{"line":26,"column":59}},"8":{"start":{"line":27,"column":20},"end":{"line":29,"column":10}},"9":{"start":{"line":31,"column":4},"end":{"line":62,"column":5}},"10":{"start":{"line":32,"column":6},"end":{"line":61,"column":7}},"11":{"start":{"line":33,"column":30},"end":{"line":33,"column":96}},"12":{"start":{"line":34,"column":8},"end":{"line":38,"column":10}},"13":{"start":{"line":39,"column":8},"end":{"line":39,"column":64}},"14":{"start":{"line":40,"column":8},"end":{"line":44,"column":10}},"15":{"start":{"line":46,"column":37},"end":{"line":46,"column":59}},"16":{"start":{"line":47,"column":8},"end":{"line":60,"column":9}},"17":{"start":{"line":48,"column":10},"end":{"line":48,"column":66}},"18":{"start":{"line":49,"column":10},"end":{"line":54,"column":12}},"19":{"start":{"line":56,"column":10},"end":{"line":59,"column":13}},"20":{"start":{"line":71,"column":32},"end":{"line":78,"column":5}},"21":{"start":{"line":79,"column":4},"end":{"line":79,"column":52}}},"fnMap":{"0":{"name":"(anonymous_0)","decl":{"start":{"line":11,"column":2},"end":{"line":11,"column":3}},"loc":{"start":{"line":17,"column":4},"end":{"line":17,"column":6}},"line":17},"1":{"name":"(anonymous_1)","decl":{"start":{"line":19,"column":2},"end":{"line":19,"column":3}},"loc":{"start":{"line":19,"column":34},"end":{"line":63,"column":3}},"line":19},"2":{"name":"(anonymous_2)","decl":{"start":{"line":65,"column":2},"end":{"line":65,"column":3}},"loc":{"start":{"line":70,"column":19},"end":{"line":80,"column":3}},"line":70}},"branchMap":{"0":{"loc":{"start":{"line":21,"column":4},"end":{"line":21,"column":24}},"type":"if","locations":[{"start":{"line":21,"column":4},"end":{"line":21,"column":24}},{"start":{},"end":{}}],"line":21},"1":{"loc":{"start":{"line":24,"column":4},"end":{"line":24,"column":40}},"type":"if","locations":[{"start":{"line":24,"column":4},"end":{"line":24,"column":40}},{"start":{},"end":{}}],"line":24},"2":{"loc":{"start":{"line":27,"column":20},"end":{"line":29,"column":10}},"type":"cond-expr","locations":[{"start":{"line":28,"column":8},"end":{"line":28,"column":37}},{"start":{"line":29,"column":8},"end":{"line":29,"column":10}}],"line":27},"3":{"loc":{"start":{"line":47,"column":8},"end":{"line":60,"column":9}},"type":"if","locations":[{"start":{"line":47,"column":8},"end":{"line":60,"column":9}},{"start":{"line":55,"column":15},"end":{"line":60,"column":9}}],"line":47}},"s":{"0":0,"1":0,"2":0,"3":0,"4":0,"5":0,"6":0,"7":0,"8":0,"9":0,"10":0,"11":0,"12":0,"13":0,"14":0,"15":0,"16":0,"17":0,"18":0,"19":0,"20":0,"21":0},"f":{"0":0,"1":0,"2":0},"b":{"0":[0,0],"1":[0,0],"2":[0,0],"3":[0,0]}}
,"/tmp/audit-workspace/Hermes-Sms-fordwarder/src/application/ReintentarMensaje.ts": {"path":"/tmp/audit-workspace/Hermes-Sms-fordwarder/src/application/ReintentarMensaje.ts","statementMap":{"0":{"start":{"line":16,"column":19},"end":{"line":16,"column":57}},"1":{"start":{"line":17,"column":4},"end":{"line":17,"column":30}},"2":{"start":{"line":17,"column":17},"end":{"line":17,"column":30}},"3":{"start":{"line":19,"column":20},"end":{"line":19,"column":59}},"4":{"start":{"line":20,"column":20},"end":{"line":22,"column":10}},"5":{"start":{"line":23,"column":4},"end":{"line":39,"column":5}},"6":{"start":{"line":24,"column":6},"end":{"line":28,"column":8}},"7":{"start":{"line":30,"column":45},"end":{"line":34,"column":7}},"8":{"start":{"line":35,"column":6},"end":{"line":35,"column":68}},"9":{"start":{"line":36,"column":6},"end":{"line":36,"column":18}},"10":{"start":{"line":38,"column":6},"end":{"line":38,"column":19}}},"fnMap":{"0":{"name":"(anonymous_0)","decl":{"start":{"line":8,"column":2},"end":{"line":8,"column":3}},"loc":{"start":{"line":13,"column":4},"end":{"line":13,"column":6}},"line":13},"1":{"name":"(anonymous_1)","decl":{"start":{"line":15,"column":2},"end":{"line":15,"column":3}},"loc":{"start":{"line":15,"column":56},"end":{"line":40,"column":3}},"line":15}},"branchMap":{"0":{"loc":{"start":{"line":17,"column":4},"end":{"line":17,"column":30}},"type":"if","locations":[{"start":{"line":17,"column":4},"end":{"line":17,"column":30}},{"start":{},"end":{}}],"line":17},"1":{"loc":{"start":{"line":20,"column":20},"end":{"line":22,"column":10}},"type":"cond-expr","locations":[{"start":{"line":21,"column":8},"end":{"line":21,"column":37}},{"start":{"line":22,"column":8},"end":{"line":22,"column":10}}],"line":20}},"s":{"0":0,"1":0,"2":0,"3":0,"4":0,"5":0,"6":0,"7":0,"8":0,"9":0,"10":0},"f":{"0":0,"1":0},"b":{"0":[0,0],"1":[0,0]}}
}
