TN:
SF:src/application/ConfigurarTelegram.ts
FN:6,(anonymous_0)
FN:11,(anonymous_1)
FN:15,(anonymous_2)
FN:19,(anonymous_3)
FN:23,(anonymous_4)
FN:27,(anonymous_5)
FNF:6
FNH:6
FNDA:9,(anonymous_0)
FNDA:1,(anonymous_1)
FNDA:2,(anonymous_2)
FNDA:1,(anonymous_3)
FNDA:1,(anonymous_4)
FNDA:4,(anonymous_5)
DA:12,1
DA:16,2
DA:20,1
DA:24,1
DA:28,4
DA:32,4
DA:33,1
DA:36,3
LF:8
LH:8
BRDA:28,0,0,1
BRDA:28,0,1,3
BRDA:32,1,0,1
BRDA:32,1,1,3
BRF:4
BRH:4
end_of_record
TN:
SF:src/application/ControlarServicioSms.ts
FN:5,(anonymous_0)
FN:10,(anonymous_1)
FN:11,(anonymous_2)
FN:12,(anonymous_3)
FN:18,(anonymous_4)
FN:22,(anonymous_5)
FNF:6
FNH:5
FNDA:5,(anonymous_0)
FNDA:2,(anonymous_1)
FNDA:1,(anonymous_2)
FNDA:0,(anonymous_3)
FNDA:1,(anonymous_4)
FNDA:2,(anonymous_5)
DA:11,2
DA:12,1
DA:19,1
DA:23,2
LF:4
LH:4
BRF:0
BRH:0
end_of_record
TN:
SF:src/application/EvaluarYReenviarSms.ts
FN:20,(anonymous_0)
FN:33,(anonymous_1)
FN:60,(anonymous_2)
FN:113,(anonymous_3)
FN:133,(anonymous_4)
FN:150,(anonymous_5)
FN:154,(anonymous_6)
FN:172,(anonymous_7)
FNF:8
FNH:7
FNDA:7,(anonymous_0)
FNDA:7,(anonymous_1)
FNDA:5,(anonymous_2)
FNDA:0,(anonymous_3)
FNDA:7,(anonymous_4)
FNDA:7,(anonymous_5)
FNDA:2,(anonymous_6)
FNDA:2,(anonymous_7)
DA:17,7
DA:18,7
DA:34,7
DA:35,7
DA:36,7
DA:37,7
DA:38,0
DA:40,7
DA:42,7
DA:43,7
DA:45,7
DA:46,7
DA:52,7
DA:53,2
DA:54,2
DA:57,5
DA:65,5
DA:69,5
DA:70,1
DA:76,1
DA:79,4
DA:80,4
DA:81,4
DA:84,4
DA:85,4
DA:90,2
DA:91,2
DA:92,2
DA:94,2
DA:95,2
DA:97,2
DA:98,0
DA:99,0
DA:103,2
DA:104,2
DA:117,0
DA:124,0
DA:125,0
DA:139,7
DA:147,7
DA:151,7
DA:159,2
DA:161,0
DA:162,0
DA:176,2
DA:178,2
DA:179,2
LF:47
LH:39
BRDA:37,0,0,0
BRDA:37,0,1,7
BRDA:37,1,0,7
BRDA:37,1,1,0
BRDA:43,2,0,0
BRDA:43,2,1,7
BRDA:52,3,0,2
BRDA:52,3,1,5
BRDA:65,4,0,0
BRDA:65,4,1,5
BRDA:69,5,0,1
BRDA:69,5,1,4
BRDA:81,6,0,0
BRDA:81,6,1,4
BRDA:97,7,0,0
BRDA:97,7,1,2
BRDA:97,8,0,2
BRDA:97,8,1,0
BRDA:103,9,0,1
BRDA:103,9,1,1
BRDA:159,10,0,2
BRDA:159,10,1,0
BRDA:159,11,0,2
BRDA:159,11,1,0
BRDA:176,12,0,0
BRDA:176,12,1,2
BRF:26
BRH:16
end_of_record
TN:
SF:src/application/GestionarAjustes.ts
FN:5,(anonymous_0)
FN:9,(anonymous_1)
FN:13,(anonymous_2)
FNF:3
FNH:0
FNDA:0,(anonymous_0)
FNDA:0,(anonymous_1)
FNDA:0,(anonymous_2)
DA:10,0
DA:14,0
LF:2
LH:0
BRF:0
BRH:0
end_of_record
TN:
SF:src/application/GestionarAutoRespuestas.ts
FN:8,generarId
FN:13,(anonymous_1)
FN:17,(anonymous_2)
FN:22,(anonymous_3)
FN:28,(anonymous_4)
FN:32,(anonymous_5)
FN:36,(anonymous_6)
FN:42,(anonymous_7)
FNF:8
FNH:0
FNDA:0,generarId
FNDA:0,(anonymous_1)
FNDA:0,(anonymous_2)
FNDA:0,(anonymous_3)
FNDA:0,(anonymous_4)
FNDA:0,(anonymous_5)
FNDA:0,(anonymous_6)
FNDA:0,(anonymous_7)
DA:9,0
DA:18,0
DA:19,0
DA:23,0
DA:24,0
DA:25,0
DA:29,0
DA:33,0
DA:37,0
DA:38,0
DA:39,0
DA:43,0
LF:12
LH:0
BRDA:24,0,0,0
BRDA:24,0,1,0
BRDA:38,1,0,0
BRDA:38,1,1,0
BRF:4
BRH:0
end_of_record
TN:
SF:src/application/GestionarReglas.ts
FN:5,(anonymous_0)
FN:9,(anonymous_1)
FN:17,(anonymous_2)
FN:21,(anonymous_3)
FN:25,(anonymous_4)
FN:29,(anonymous_5)
FN:44,(anonymous_6)
FNF:7
FNH:7
FNDA:7,(anonymous_0)
FNDA:1,(anonymous_1)
FNDA:1,(anonymous_2)
FNDA:1,(anonymous_3)
FNDA:1,(anonymous_4)
FNDA:3,(anonymous_5)
FNDA:1,(anonymous_6)
DA:12,1
DA:13,1
DA:14,1
DA:18,1
DA:22,1
DA:26,1
DA:30,3
DA:32,3
DA:33,1
DA:36,2
DA:40,2
DA:41,2
DA:45,1
LF:13
LH:13
BRDA:32,0,0,1
BRDA:32,0,1,2
BRF:2
BRH:2
end_of_record
TN:
SF:src/application/ObtenerRegistroDeMensajes.ts
FN:7,(anonymous_0)
FN:11,(anonymous_1)
FN:16,(anonymous_2)
FN:18,(anonymous_3)
FNF:4
FNH:4
FNDA:3,(anonymous_0)
FNDA:3,(anonymous_1)
FNDA:3,(anonymous_2)
FNDA:63,(anonymous_3)
DA:4,1
DA:12,3
DA:13,3
DA:17,3
DA:18,63
LF:5
LH:5
BRF:0
BRH:0
end_of_record
TN:
SF:src/application/ProcesarColaPendientes.ts
FN:11,(anonymous_0)
FN:19,(anonymous_1)
FN:65,(anonymous_2)
FNF:3
FNH:0
FNDA:0,(anonymous_0)
FNDA:0,(anonymous_1)
FNDA:0,(anonymous_2)
DA:8,0
DA:20,0
DA:21,0
DA:23,0
DA:24,0
DA:26,0
DA:27,0
DA:31,0
DA:32,0
DA:33,0
DA:34,0
DA:39,0
DA:40,0
DA:46,0
DA:47,0
DA:48,0
DA:49,0
DA:56,0
DA:71,0
DA:79,0
LF:20
LH:0
BRDA:21,0,0,0
BRDA:21,0,1,0
BRDA:24,1,0,0
BRDA:24,1,1,0
BRDA:27,2,0,0
BRDA:27,2,1,0
BRDA:47,3,0,0
BRDA:47,3,1,0
BRF:8
BRH:0
end_of_record
TN:
SF:src/application/ReintentarMensaje.ts
FN:8,(anonymous_0)
FN:15,(anonymous_1)
FNF:2
FNH:0
FNDA:0,(anonymous_0)
FNDA:0,(anonymous_1)
DA:16,0
DA:17,0
DA:19,0
DA:20,0
DA:23,0
DA:24,0
DA:30,0
DA:35,0
DA:36,0
DA:38,0
LF:10
LH:0
BRDA:17,0,0,0
BRDA:17,0,1,0
BRDA:20,1,0,0
BRDA:20,1,1,0
BRF:4
BRH:0
end_of_record
